-------------------------------------------------------------------------------
Test set: org.owasp.webgoat.SqlInjectionLessonTest
-------------------------------------------------------------------------------
Tests run: 1, Failures: 1, Errors: 0, Skipped: 0, Time elapsed: 0.107 s <<< FAILURE! - in org.owasp.webgoat.SqlInjectionLessonTest
org.owasp.webgoat.SqlInjectionLessonTest.runTests  Time elapsed: 0.106 s  <<< FAILURE!
java.lang.AssertionError: 
1 expectation failed.
No cookies defined in the response


