-------------------------------------------------------------------------------
Test set: org.owasp.webgoat.SSRFTest
-------------------------------------------------------------------------------
Tests run: 1, Failures: 1, Errors: 0, Skipped: 0, Time elapsed: 0.036 s <<< FAILURE! - in org.owasp.webgoat.SSRFTest
org.owasp.webgoat.SSRFTest.runTests  Time elapsed: 0.035 s  <<< FAILURE!
java.lang.AssertionError: 
1 expectation failed.
No cookies defined in the response


