-------------------------------------------------------------------------------
Test set: org.owasp.webgoat.GeneralLessonTest
-------------------------------------------------------------------------------
Tests run: 9, Failures: 9, Errors: 0, Skipped: 0, Time elapsed: 0.367 s <<< FAILURE! - in org.owasp.webgoat.GeneralLessonTest
org.owasp.webgoat.GeneralLessonTest.vulnerableComponents  Time elapsed: 0.057 s  <<< FAILURE!
java.lang.AssertionError: 
1 expectation failed.
No cookies defined in the response


org.owasp.webgoat.GeneralLessonTest.chrome  Time elapsed: 0.03 s  <<< FAILURE!
java.lang.AssertionError: 
1 expectation failed.
No cookies defined in the response


org.owasp.webgoat.GeneralLessonTest.cia  Time elapsed: 0.055 s  <<< FAILURE!
java.lang.AssertionError: 
1 expectation failed.
No cookies defined in the response


org.owasp.webgoat.GeneralLessonTest.lessonTemplate  Time elapsed: 0.041 s  <<< FAILURE!
java.lang.AssertionError: 
1 expectation failed.
No cookies defined in the response


org.owasp.webgoat.GeneralLessonTest.httpBasics  Time elapsed: 0.042 s  <<< FAILURE!
java.lang.AssertionError: 
1 expectation failed.
No cookies defined in the response


org.owasp.webgoat.GeneralLessonTest.httpProxies  Time elapsed: 0.033 s  <<< FAILURE!
java.lang.AssertionError: 
1 expectation failed.
No cookies defined in the response


org.owasp.webgoat.GeneralLessonTest.securePasswords  Time elapsed: 0.03 s  <<< FAILURE!
java.lang.AssertionError: 
1 expectation failed.
No cookies defined in the response


org.owasp.webgoat.GeneralLessonTest.authByPass  Time elapsed: 0.039 s  <<< FAILURE!
java.lang.AssertionError: 
1 expectation failed.
No cookies defined in the response


org.owasp.webgoat.GeneralLessonTest.insecureLogin  Time elapsed: 0.032 s  <<< FAILURE!
java.lang.AssertionError: 
1 expectation failed.
No cookies defined in the response


