-------------------------------------------------------------------------------
Test set: org.owasp.webgoat.DeserializationTest
-------------------------------------------------------------------------------
Tests run: 1, Failures: 1, Errors: 0, Skipped: 0, Time elapsed: 0.117 s <<< FAILURE! - in org.owasp.webgoat.DeserializationTest
org.owasp.webgoat.DeserializationTest.runTests  Time elapsed: 0.116 s  <<< FAILURE!
java.lang.AssertionError: 
1 expectation failed.
No cookies defined in the response


