-------------------------------------------------------------------------------
Test set: org.owasp.webgoat.CryptoTest
-------------------------------------------------------------------------------
Tests run: 1, Failures: 1, Errors: 0, Skipped: 0, Time elapsed: 0.035 s <<< FAILURE! - in org.owasp.webgoat.CryptoTest
org.owasp.webgoat.CryptoTest.runTests  Time elapsed: 0.033 s  <<< FAILURE!
java.lang.AssertionError: 
1 expectation failed.
No cookies defined in the response


