-------------------------------------------------------------------------------
Test set: org.owasp.webgoat.ProgressRaceConditionTest
-------------------------------------------------------------------------------
Tests run: 1, Failures: 1, Errors: 0, Skipped: 0, Time elapsed: 0.215 s <<< FAILURE! - in org.owasp.webgoat.ProgressRaceConditionTest
org.owasp.webgoat.ProgressRaceConditionTest.runTests  Time elapsed: 0.213 s  <<< FAILURE!
java.lang.AssertionError: 
1 expectation failed.
No cookies defined in the response


