-------------------------------------------------------------------------------
Test set: org.owasp.webgoat.SqlInjectionMitigationTest
-------------------------------------------------------------------------------
Tests run: 1, Failures: 1, Errors: 0, Skipped: 0, Time elapsed: 0.054 s <<< FAILURE! - in org.owasp.webgoat.SqlInjectionMitigationTest
org.owasp.webgoat.SqlInjectionMitigationTest.runTests  Time elapsed: 0.053 s  <<< FAILURE!
java.lang.AssertionError: 
1 expectation failed.
No cookies defined in the response


