-------------------------------------------------------------------------------
Test set: org.owasp.webgoat.XXETest
-------------------------------------------------------------------------------
Tests run: 1, Failures: 1, Errors: 0, Skipped: 0, Time elapsed: 0.065 s <<< FAILURE! - in org.owasp.webgoat.XXETest
org.owasp.webgoat.XXETest.runTests  Time elapsed: 0.062 s  <<< FAILURE!
java.lang.AssertionError: 
1 expectation failed.
No cookies defined in the response


