-------------------------------------------------------------------------------
Test set: org.owasp.webgoat.XSSTest
-------------------------------------------------------------------------------
Tests run: 1, Failures: 1, Errors: 0, Skipped: 0, Time elapsed: 0.034 s <<< FAILURE! - in org.owasp.webgoat.XSSTest
org.owasp.webgoat.XSSTest.crossSiteScriptingAssignments  Time elapsed: 0.033 s  <<< FAILURE!
java.lang.AssertionError: 
1 expectation failed.
No cookies defined in the response


