-------------------------------------------------------------------------------
Test set: org.owasp.webgoat.JWTLessonTest
-------------------------------------------------------------------------------
Tests run: 1, Failures: 1, Errors: 0, Skipped: 0, Time elapsed: 0.063 s <<< FAILURE! - in org.owasp.webgoat.JWTLessonTest
org.owasp.webgoat.JWTLessonTest.solveAssignment  Time elapsed: 0.061 s  <<< FAILURE!
java.lang.AssertionError: 
1 expectation failed.
No cookies defined in the response


