-------------------------------------------------------------------------------
Test set: org.owasp.webgoat.WebWolfTest
-------------------------------------------------------------------------------
Tests run: 1, Failures: 1, Errors: 0, Skipped: 0, Time elapsed: 0.046 s <<< FAILURE! - in org.owasp.webgoat.WebWolfTest
org.owasp.webgoat.WebWolfTest.runTests  Time elapsed: 0.044 s  <<< FAILURE!
java.lang.AssertionError: 
1 expectation failed.
No cookies defined in the response


